<?xml version="1.0" encoding="utf-8" ?>
<alps version="1.0">
    <doc>ALPS Document to describe APR API</doc>

    <descriptor id="a" href="http://url.com#x">
        <descriptor id="a1"/>
        <descriptor id="a2" href="#b">
            <descriptor id="a2-1"/>
        </descriptor>
        <descriptor href="#c"/>
    </descriptor>

    <descriptor id="b">
        <descriptor id="b1"/>
        <descriptor id="b2" href="http://url.com#y"/>
    </descriptor>

    <descriptor id="c">
        <descriptor id="c1"/>
    </descriptor>

    <descriptor id="d"/>

    <descriptor id="e" rt="http://url.com#y"/>
</alps>