<alps version="1.0"><descriptor id="contact" type="semantic"><descriptor id="givenName" type="semantic" href="http://schema.org/givenName#x"/><descriptor id="familyName" type="semantic" href="http://schema.org/familyName#y"/></descriptor><descriptor id="addContact" rt="#contact" type="unsafe"><doc format="text">TESTING</doc><descriptor id="contact" type="semantic"><descriptor id="givenName" type="semantic" href="http://schema.org/givenName#x"/><descriptor id="familyName" type="semantic" href="http://schema.org/familyName#y"/></descriptor></descriptor><descriptor id="searchByGivenName" rt="#contact" type="safe"><descriptor id="givenName" type="semantic" href="http://schema.org/givenName#x"/></descriptor></alps>